<?xml version="1.0" encoding="UTF-8"?>
<!-- Generated by org.testng.reporters.JUnitReportReporter -->
<testsuite hostname="uascs-Air.home" name="Tests.PhonePageTest" tests="2" failures="0" timestamp="10 Mar 2020 21:50:29 GMT" time="36.168" errors="0">
  <testcase name="selectPhone" time="22.113" classname="Tests.PhonePageTest"/>
  <testcase name="verifyTitle" time="14.055" classname="Tests.PhonePageTest"/>
</testsuite> <!-- Tests.PhonePageTest -->
