<?xml version="1.0" encoding="UTF-8"?>
<!-- Generated by org.testng.reporters.JUnitReportReporter -->
<testsuite hostname="uascs-MacBook-Air.local" name="Tests.PhoneCustomPageTest" tests="1" failures="0" timestamp="12 Mar 2020 02:15:38 GMT" time="212.547" errors="0">
  <testcase name="dosendAndClick" time="212.547" classname="Tests.PhoneCustomPageTest"/>
</testsuite> <!-- Tests.PhoneCustomPageTest -->
