<?xml version="1.0" encoding="UTF-8"?>
<!-- Generated by org.testng.reporters.JUnitReportReporter -->
<testsuite hostname="uascs-Air.home" name="Tests.MoreOptionPageTest" tests="2" failures="0" timestamp="10 Mar 2020 21:19:35 GMT" time="100.189" errors="0">
  <testcase name="getTitle" time="43.043" classname="Tests.MoreOptionPageTest"/>
  <testcase name="doSendAndClick" time="57.146" classname="Tests.MoreOptionPageTest"/>
</testsuite> <!-- Tests.MoreOptionPageTest -->
