<?xml version="1.0" encoding="UTF-8"?>
<!-- Generated by org.testng.reporters.JUnitReportReporter -->
<testsuite hostname="uascs-Air.home" name="Tests.VerizonMainPageTest" tests="2" failures="0" timestamp="6 Mar 2020 22:51:33 GMT" time="25.474" errors="0">
  <testcase name="setUp" time="12.470" classname="Tests.VerizonMainPageTest"/>
  <testcase name="doSendAndClick" time="13.004" classname="Tests.VerizonMainPageTest"/>
</testsuite> <!-- Tests.VerizonMainPageTest -->
